  lvlsetstage.cpp
lvlsetstage.cpp(22): error C2248: 'GameStage::set': cannot access private member declared in class 'GameStage'
  c:\users\lele\documents\visual studio 2015\projects\astrum\astrum\GameStage.h(25): note: see declaration of 'GameStage::set'
  c:\users\lele\documents\visual studio 2015\projects\astrum\astrum\GameStage.h(6): note: see declaration of 'GameStage'
  main.cpp
main.cpp(13): error C2248: 'GameStage::set': cannot access private member declared in class 'GameStage'
  c:\users\lele\documents\visual studio 2015\projects\astrum\astrum\GameStage.h(25): note: see declaration of 'GameStage::set'
  c:\users\lele\documents\visual studio 2015\projects\astrum\astrum\GameStage.h(6): note: see declaration of 'GameStage'
main.cpp(18): error C2248: 'GameStage::set': cannot access private member declared in class 'GameStage'
  c:\users\lele\documents\visual studio 2015\projects\astrum\astrum\GameStage.h(25): note: see declaration of 'GameStage::set'
  c:\users\lele\documents\visual studio 2015\projects\astrum\astrum\GameStage.h(6): note: see declaration of 'GameStage'
main.cpp(40): error C2248: 'GameStage::set': cannot access private member declared in class 'GameStage'
  c:\users\lele\documents\visual studio 2015\projects\astrum\astrum\GameStage.h(25): note: see declaration of 'GameStage::set'
  c:\users\lele\documents\visual studio 2015\projects\astrum\astrum\GameStage.h(6): note: see declaration of 'GameStage'
main.cpp(48): warning C4305: 'initializing': truncation from 'double' to 'float'
  MenuStage.cpp
MenuStage.cpp(53): warning C4244: 'argument': conversion from 'unsigned int' to 'float', possible loss of data
MenuStage.cpp(55): warning C4244: 'argument': conversion from 'unsigned int' to 'float', possible loss of data
MenuStage.cpp(57): warning C4244: 'argument': conversion from 'unsigned int' to 'float', possible loss of data
MenuStage.cpp(74): error C2248: 'GameStage::set': cannot access private member declared in class 'GameStage'
  c:\users\lele\documents\visual studio 2015\projects\astrum\astrum\GameStage.h(25): note: see declaration of 'GameStage::set'
  c:\users\lele\documents\visual studio 2015\projects\astrum\astrum\GameStage.h(6): note: see declaration of 'GameStage'
MenuStage.cpp(78): error C2248: 'GameStage::set': cannot access private member declared in class 'GameStage'
  c:\users\lele\documents\visual studio 2015\projects\astrum\astrum\GameStage.h(25): note: see declaration of 'GameStage::set'
  c:\users\lele\documents\visual studio 2015\projects\astrum\astrum\GameStage.h(6): note: see declaration of 'GameStage'
MenuStage.cpp(82): error C2248: 'GameStage::set': cannot access private member declared in class 'GameStage'
  c:\users\lele\documents\visual studio 2015\projects\astrum\astrum\GameStage.h(25): note: see declaration of 'GameStage::set'
  c:\users\lele\documents\visual studio 2015\projects\astrum\astrum\GameStage.h(6): note: see declaration of 'GameStage'
MenuStage.cpp(100): error C2248: 'GameStage::set': cannot access private member declared in class 'GameStage'
  c:\users\lele\documents\visual studio 2015\projects\astrum\astrum\GameStage.h(25): note: see declaration of 'GameStage::set'
  c:\users\lele\documents\visual studio 2015\projects\astrum\astrum\GameStage.h(6): note: see declaration of 'GameStage'
