  isCollidingFuns.cpp
c:\users\lele\documents\visual studio 2015\projects\astrum\astrum\2d_phislib\systems/CollisionSystem.h(17): error C2061: syntax error: identifier 'Manifold'
c:\users\lele\documents\visual studio 2015\projects\astrum\astrum\2d_phislib\systems/CollisionSystem.h(21): error C2061: syntax error: identifier 'Manifold'
c:\users\lele\documents\visual studio 2015\projects\astrum\astrum\2d_phislib\systems/CollisionSystem.h(23): error C2061: syntax error: identifier 'Manifold'
c:\users\lele\documents\visual studio 2015\projects\astrum\astrum\2d_phislib\systems/jointsystem.h(10): error C2653: 'Joint': is not a class or namespace name
c:\users\lele\documents\visual studio 2015\projects\astrum\astrum\2d_phislib\systems/jointsystem.h(10): error C2061: syntax error: identifier 'Handle'
c:\users\lele\documents\visual studio 2015\projects\astrum\astrum\2d_phislib\systems/jointsystem.h(11): error C2653: 'Joint': is not a class or namespace name
c:\users\lele\documents\visual studio 2015\projects\astrum\astrum\2d_phislib\systems/jointsystem.h(11): error C2061: syntax error: identifier 'Handle'
2d_phisLIB\isCollidingFuns.cpp(40): warning C4267: 'initializing': conversion from 'size_t' to 'int', possible loss of data
  CollisionSystem.cpp
c:\users\lele\documents\visual studio 2015\projects\astrum\astrum\2d_phislib\systems/jointsystem.h(10): error C2653: 'Joint': is not a class or namespace name
c:\users\lele\documents\visual studio 2015\projects\astrum\astrum\2d_phislib\systems/jointsystem.h(10): error C2061: syntax error: identifier 'Handle'
c:\users\lele\documents\visual studio 2015\projects\astrum\astrum\2d_phislib\systems/jointsystem.h(11): error C2653: 'Joint': is not a class or namespace name
c:\users\lele\documents\visual studio 2015\projects\astrum\astrum\2d_phislib\systems/jointsystem.h(11): error C2061: syntax error: identifier 'Handle'
2d_phisLIB\systems\CollisionSystem.cpp(180): warning C4244: 'argument': conversion from 'double' to 'float', possible loss of data
  ForcesSystem.cpp
c:\users\lele\documents\visual studio 2015\projects\astrum\astrum\2d_phislib\systems/jointsystem.h(10): error C2653: 'Joint': is not a class or namespace name
c:\users\lele\documents\visual studio 2015\projects\astrum\astrum\2d_phislib\systems/jointsystem.h(10): error C2061: syntax error: identifier 'Handle'
c:\users\lele\documents\visual studio 2015\projects\astrum\astrum\2d_phislib\systems/jointsystem.h(11): error C2653: 'Joint': is not a class or namespace name
c:\users\lele\documents\visual studio 2015\projects\astrum\astrum\2d_phislib\systems/jointsystem.h(11): error C2061: syntax error: identifier 'Handle'
  MouseDragSystem.cpp
c:\users\lele\documents\visual studio 2015\projects\astrum\astrum\2d_phislib\systems/jointsystem.h(10): error C2653: 'Joint': is not a class or namespace name
c:\users\lele\documents\visual studio 2015\projects\astrum\astrum\2d_phislib\systems/jointsystem.h(10): error C2061: syntax error: identifier 'Handle'
c:\users\lele\documents\visual studio 2015\projects\astrum\astrum\2d_phislib\systems/jointsystem.h(11): error C2653: 'Joint': is not a class or namespace name
c:\users\lele\documents\visual studio 2015\projects\astrum\astrum\2d_phislib\systems/jointsystem.h(11): error C2061: syntax error: identifier 'Handle'
2d_phisLIB\systems\MouseDragSystem.cpp(55): warning C4267: 'initializing': conversion from 'size_t' to 'int', possible loss of data
  MovementSystem.cpp
c:\users\lele\documents\visual studio 2015\projects\astrum\astrum\2d_phislib\systems/jointsystem.h(10): error C2653: 'Joint': is not a class or namespace name
c:\users\lele\documents\visual studio 2015\projects\astrum\astrum\2d_phislib\systems/jointsystem.h(10): error C2061: syntax error: identifier 'Handle'
c:\users\lele\documents\visual studio 2015\projects\astrum\astrum\2d_phislib\systems/jointsystem.h(11): error C2653: 'Joint': is not a class or namespace name
c:\users\lele\documents\visual studio 2015\projects\astrum\astrum\2d_phislib\systems/jointsystem.h(11): error C2061: syntax error: identifier 'Handle'
  cranesystem.cpp
c:\users\lele\documents\visual studio 2015\projects\astrum\astrum\2d_phislib\systems/jointsystem.h(10): error C2653: 'Joint': is not a class or namespace name
c:\users\lele\documents\visual studio 2015\projects\astrum\astrum\2d_phislib\systems/jointsystem.h(10): error C2061: syntax error: identifier 'Handle'
c:\users\lele\documents\visual studio 2015\projects\astrum\astrum\2d_phislib\systems/jointsystem.h(11): error C2653: 'Joint': is not a class or namespace name
c:\users\lele\documents\visual studio 2015\projects\astrum\astrum\2d_phislib\systems/jointsystem.h(11): error C2061: syntax error: identifier 'Handle'
  roundrect.cpp
c:\users\lele\documents\visual studio 2015\projects\astrum\astrum\ButtonMenu.h(11): error C3646: 'rect': unknown override specifier
c:\users\lele\documents\visual studio 2015\projects\astrum\astrum\ButtonMenu.h(11): error C4430: missing type specifier - int assumed. Note: C++ does not support default-int
